# JRE version: OpenJDK Runtime Environment (21.0.3) (build 21.0.3+-12282718-b509.11)
# Java VM: OpenJDK 64-Bit Server VM (21.0.3+-12282718-b509.11, mixed mode, tiered, compressed oops, compressed class ptrs, g1 gc, windows-amd64)
GC Precious Log:
 CardTable entry size: 512
 Card Set container configuration: InlinePtr #cards 4 size 8 Array Of Cards #cards 16 size 48 Howl #buckets 8 coarsen threshold 3686 Howl Bitmap #cards 512 size 80 coarsen threshold 460 Card regions per heap region 1 cards per card region 4096
 CPUs: 8 total, 8 available
 Memory: 16226M
 Large Page Support: Disabled
 NUMA Support: Disabled
 Compressed Oops: Enabled (Zero based)
 Heap Region Size: 2M
 Heap Min Capacity: 8M
 Heap Initial Capacity: 254M
 Heap Max Capacity: 4058M
 Pre-touch: Disabled
 Parallel Workers: 8
 Concurrent Workers: 2
 Concurrent Refinement Workers: 8
 Periodic GC: Disabled
Heap:
 garbage-first heap   total 475136K, used 285883K [0x0000000702600000, 0x0000000800000000)
  region size 2048K, 15 young (30720K), 7 survivors (14336K)
 Metaspace       used 99619K, committed 100032K, reserved 1179648K
  class space    used 9987K, committed 10176K, reserved 1048576K
GC Heap History (20 events):
Event: 8.047 GC heap before
{Heap before GC invocations=18 (full 0):
 garbage-first heap   total 190464K, used 159548K [0x0000000702600000, 0x0000000800000000)
  region size 2048K, 26 young (53248K), 5 survivors (10240K)
 Metaspace       used 57491K, committed 57792K, reserved 1114112K
  class space    used 6465K, committed 6592K, reserved 1048576K
}
Event: 8.058 GC heap after
{Heap after GC invocations=19 (full 0):
 garbage-first heap   total 190464K, used 130435K [0x0000000702600000, 0x0000000800000000)
  region size 2048K, 4 young (8192K), 4 survivors (8192K)
 Metaspace       used 57491K, committed 57792K, reserved 1114112K
  class space    used 6465K, committed 6592K, reserved 1048576K
}
Event: 8.154 GC heap before
{Heap before GC invocations=20 (full 0):
 garbage-first heap   total 235520K, used 165251K [0x0000000702600000, 0x0000000800000000)
  region size 2048K, 21 young (43008K), 4 survivors (8192K)
 Metaspace       used 57491K, committed 57792K, reserved 1114112K
  class space    used 6465K, committed 6592K, reserved 1048576K
}
Event: 8.164 GC heap after
{Heap after GC invocations=21 (full 0):
 garbage-first heap   total 235520K, used 141312K [0x0000000702600000, 0x0000000800000000)
  region size 2048K, 3 young (6144K), 3 survivors (6144K)
 Metaspace       used 57491K, committed 57792K, reserved 1114112K
  class space    used 6465K, committed 6592K, reserved 1048576K
}
Event: 8.978 GC heap before
{Heap before GC invocations=21 (full 0):
 garbage-first heap   total 235520K, used 196608K [0x0000000702600000, 0x0000000800000000)
  region size 2048K, 30 young (61440K), 3 survivors (6144K)
 Metaspace       used 58502K, committed 58816K, reserved 1114112K
  class space    used 6511K, committed 6656K, reserved 1048576K
}
Event: 8.991 GC heap after
{Heap after GC invocations=22 (full 0):
 garbage-first heap   total 471040K, used 152037K [0x0000000702600000, 0x0000000800000000)
  region size 2048K, 4 young (8192K), 4 survivors (8192K)
 Metaspace       used 58502K, committed 58816K, reserved 1114112K
  class space    used 6511K, committed 6656K, reserved 1048576K
}
Event: 12.813 GC heap before
{Heap before GC invocations=22 (full 0):
 garbage-first heap   total 471040K, used 317925K [0x0000000702600000, 0x0000000800000000)
  region size 2048K, 85 young (174080K), 4 survivors (8192K)
 Metaspace       used 63851K, committed 64128K, reserved 1114112K
  class space    used 7054K, committed 7168K, reserved 1048576K
}
Event: 12.845 GC heap after
{Heap after GC invocations=23 (full 0):
 garbage-first heap   total 471040K, used 173869K [0x0000000702600000, 0x0000000800000000)
  region size 2048K, 11 young (22528K), 11 survivors (22528K)
 Metaspace       used 63851K, committed 64128K, reserved 1114112K
  class space    used 7054K, committed 7168K, reserved 1048576K
}
Event: 14.920 GC heap before
{Heap before GC invocations=23 (full 0):
 garbage-first heap   total 471040K, used 360237K [0x0000000702600000, 0x0000000800000000)
  region size 2048K, 102 young (208896K), 11 survivors (22528K)
 Metaspace       used 67923K, committed 68288K, reserved 1114112K
  class space    used 7399K, committed 7552K, reserved 1048576K
}
Event: 14.967 GC heap after
{Heap after GC invocations=24 (full 0):
 garbage-first heap   total 471040K, used 213380K [0x0000000702600000, 0x0000000800000000)
  region size 2048K, 13 young (26624K), 13 survivors (26624K)
 Metaspace       used 67923K, committed 68288K, reserved 1114112K
  class space    used 7399K, committed 7552K, reserved 1048576K
}
Event: 15.507 GC heap before
{Heap before GC invocations=24 (full 0):
 garbage-first heap   total 471040K, used 225668K [0x0000000702600000, 0x0000000800000000)
  region size 2048K, 20 young (40960K), 13 survivors (26624K)
 Metaspace       used 68317K, committed 68672K, reserved 1114112K
  class space    used 7408K, committed 7552K, reserved 1048576K
}
Event: 15.532 GC heap after
{Heap after GC invocations=25 (full 0):
 garbage-first heap   total 471040K, used 220483K [0x0000000702600000, 0x0000000800000000)
  region size 2048K, 2 young (4096K), 2 survivors (4096K)
 Metaspace       used 68317K, committed 68672K, reserved 1114112K
  class space    used 7408K, committed 7552K, reserved 1048576K
}
Event: 19.535 GC heap before
{Heap before GC invocations=26 (full 0):
 garbage-first heap   total 471040K, used 394563K [0x0000000702600000, 0x0000000800000000)
  region size 2048K, 87 young (178176K), 2 survivors (4096K)
 Metaspace       used 80541K, committed 80896K, reserved 1179648K
  class space    used 8455K, committed 8576K, reserved 1048576K
}
Event: 19.589 GC heap after
{Heap after GC invocations=27 (full 0):
 garbage-first heap   total 471040K, used 245760K [0x0000000702600000, 0x0000000800000000)
  region size 2048K, 11 young (22528K), 11 survivors (22528K)
 Metaspace       used 80541K, committed 80896K, reserved 1179648K
  class space    used 8455K, committed 8576K, reserved 1048576K
}
Event: 21.617 GC heap before
{Heap before GC invocations=27 (full 0):
 garbage-first heap   total 471040K, used 339968K [0x0000000702600000, 0x0000000800000000)
  region size 2048K, 58 young (118784K), 11 survivors (22528K)
 Metaspace       used 87362K, committed 87744K, reserved 1179648K
  class space    used 9076K, committed 9216K, reserved 1048576K
}
Event: 21.709 GC heap after
{Heap after GC invocations=28 (full 0):
 garbage-first heap   total 471040K, used 259149K [0x0000000702600000, 0x0000000800000000)
  region size 2048K, 6 young (12288K), 6 survivors (12288K)
 Metaspace       used 87362K, committed 87744K, reserved 1179648K
  class space    used 9076K, committed 9216K, reserved 1048576K
}
Event: 26.247 GC heap before
{Heap before GC invocations=29 (full 0):
 garbage-first heap   total 471040K, used 410701K [0x0000000702600000, 0x0000000800000000)
  region size 2048K, 80 young (163840K), 6 survivors (12288K)
 Metaspace       used 98912K, committed 99328K, reserved 1179648K
  class space    used 9976K, committed 10176K, reserved 1048576K
}
Event: 26.329 GC heap after
{Heap after GC invocations=30 (full 0):
 garbage-first heap   total 471040K, used 268573K [0x0000000702600000, 0x0000000800000000)
  region size 2048K, 5 young (10240K), 5 survivors (10240K)
 Metaspace       used 98912K, committed 99328K, reserved 1179648K
  class space    used 9976K, committed 10176K, reserved 1048576K
}
Event: 27.120 GC heap before
{Heap before GC invocations=30 (full 0):
 garbage-first heap   total 471040K, used 313629K [0x0000000702600000, 0x0000000800000000)
  region size 2048K, 28 young (57344K), 5 survivors (10240K)
 Metaspace       used 99455K, committed 99840K, reserved 1179648K
  class space    used 9985K, committed 10176K, reserved 1048576K
}
Event: 27.200 GC heap after
{Heap after GC invocations=31 (full 0):
 garbage-first heap   total 471040K, used 271547K [0x0000000702600000, 0x0000000800000000)
  region size 2048K, 7 young (14336K), 7 survivors (14336K)
 Metaspace       used 99455K, committed 99840K, reserved 1179648K
  class space    used 9985K, committed 10176K, reserved 1048576K
}

