# JRE version: OpenJDK Runtime Environment (21.0.3) (build 21.0.3+-12282718-b509.11)
# Java VM: OpenJDK 64-Bit Server VM (21.0.3+-12282718-b509.11, mixed mode, tiered, compressed oops, compressed class ptrs, g1 gc, windows-amd64)
GC Precious Log:
 CardTable entry size: 512
 Card Set container configuration: InlinePtr #cards 5 size 8 Array Of Cards #cards 12 size 40 Howl #buckets 4 coarsen threshold 1843 Howl Bitmap #cards 512 size 80 coarsen threshold 460 Card regions per heap region 1 cards per card region 2048
 CPUs: 8 total, 8 available
 Memory: 16226M
 Large Page Support: Disabled
 NUMA Support: Disabled
 Compressed Oops: Enabled (32-bit)
 Heap Region Size: 1M
 Heap Min Capacity: 8M
 Heap Initial Capacity: 254M
 Heap Max Capacity: 2G
 Pre-touch: Disabled
 Parallel Workers: 8
 Concurrent Workers: 2
 Concurrent Refinement Workers: 8
 Periodic GC: Disabled
Heap:
 garbage-first heap   total 396288K, used 238255K [0x0000000080000000, 0x0000000100000000)
  region size 1024K, 80 young (81920K), 13 survivors (13312K)
 Metaspace       used 131898K, committed 133952K, reserved 1179648K
  class space    used 16798K, committed 17856K, reserved 1048576K
GC Heap History (20 events):
Event: 34.547 GC heap before
{Heap before GC invocations=77 (full 0):
 garbage-first heap   total 396288K, used 367827K [0x0000000080000000, 0x0000000100000000)
  region size 1024K, 229 young (234496K), 7 survivors (7168K)
 Metaspace       used 70173K, committed 71680K, reserved 1114112K
  class space    used 9272K, committed 10048K, reserved 1048576K
}
Event: 34.551 GC heap after
{Heap after GC invocations=78 (full 0):
 garbage-first heap   total 396288K, used 143441K [0x0000000080000000, 0x0000000100000000)
  region size 1024K, 10 young (10240K), 10 survivors (10240K)
 Metaspace       used 70173K, committed 71680K, reserved 1114112K
  class space    used 9272K, committed 10048K, reserved 1048576K
}
Event: 34.845 GC heap before
{Heap before GC invocations=79 (full 0):
 garbage-first heap   total 396288K, used 364625K [0x0000000080000000, 0x0000000100000000)
  region size 1024K, 226 young (231424K), 10 survivors (10240K)
 Metaspace       used 70173K, committed 71680K, reserved 1114112K
  class space    used 9272K, committed 10048K, reserved 1048576K
}
Event: 34.850 GC heap after
{Heap after GC invocations=80 (full 0):
 garbage-first heap   total 396288K, used 147201K [0x0000000080000000, 0x0000000100000000)
  region size 1024K, 14 young (14336K), 14 survivors (14336K)
 Metaspace       used 70173K, committed 71680K, reserved 1114112K
  class space    used 9272K, committed 10048K, reserved 1048576K
}
Event: 35.416 GC heap before
{Heap before GC invocations=80 (full 0):
 garbage-first heap   total 396288K, used 366337K [0x0000000080000000, 0x0000000100000000)
  region size 1024K, 222 young (227328K), 14 survivors (14336K)
 Metaspace       used 70230K, committed 71808K, reserved 1114112K
  class space    used 9281K, committed 10048K, reserved 1048576K
}
Event: 35.420 GC heap after
{Heap after GC invocations=81 (full 0):
 garbage-first heap   total 396288K, used 127436K [0x0000000080000000, 0x0000000100000000)
  region size 1024K, 5 young (5120K), 5 survivors (5120K)
 Metaspace       used 70230K, committed 71808K, reserved 1114112K
  class space    used 9281K, committed 10048K, reserved 1048576K
}
Event: 35.557 GC heap before
{Heap before GC invocations=81 (full 0):
 garbage-first heap   total 396288K, used 202188K [0x0000000080000000, 0x0000000100000000)
  region size 1024K, 79 young (80896K), 5 survivors (5120K)
 Metaspace       used 70230K, committed 71808K, reserved 1114112K
  class space    used 9281K, committed 10048K, reserved 1048576K
}
Event: 35.561 GC heap after
{Heap after GC invocations=82 (full 0):
 garbage-first heap   total 396288K, used 127430K [0x0000000080000000, 0x0000000100000000)
  region size 1024K, 5 young (5120K), 5 survivors (5120K)
 Metaspace       used 70230K, committed 71808K, reserved 1114112K
  class space    used 9281K, committed 10048K, reserved 1048576K
}
Event: 36.974 GC heap before
{Heap before GC invocations=83 (full 0):
 garbage-first heap   total 396288K, used 375238K [0x0000000080000000, 0x0000000100000000)
  region size 1024K, 232 young (237568K), 5 survivors (5120K)
 Metaspace       used 92830K, committed 94400K, reserved 1179648K
  class space    used 12507K, committed 13248K, reserved 1048576K
}
Event: 36.985 GC heap after
{Heap after GC invocations=84 (full 0):
 garbage-first heap   total 396288K, used 149878K [0x0000000080000000, 0x0000000100000000)
  region size 1024K, 20 young (20480K), 20 survivors (20480K)
 Metaspace       used 92830K, committed 94400K, reserved 1179648K
  class space    used 12507K, committed 13248K, reserved 1048576K
}
Event: 38.794 GC heap before
{Heap before GC invocations=84 (full 0):
 garbage-first heap   total 396288K, used 354678K [0x0000000080000000, 0x0000000100000000)
  region size 1024K, 220 young (225280K), 20 survivors (20480K)
 Metaspace       used 112372K, committed 114368K, reserved 1179648K
  class space    used 14730K, committed 15744K, reserved 1048576K
}
Event: 38.811 GC heap after
{Heap after GC invocations=85 (full 0):
 garbage-first heap   total 396288K, used 160256K [0x0000000080000000, 0x0000000100000000)
  region size 1024K, 14 young (14336K), 14 survivors (14336K)
 Metaspace       used 112372K, committed 114368K, reserved 1179648K
  class space    used 14730K, committed 15744K, reserved 1048576K
}
Event: 39.292 GC heap before
{Heap before GC invocations=85 (full 0):
 garbage-first heap   total 396288K, used 204288K [0x0000000080000000, 0x0000000100000000)
  region size 1024K, 58 young (59392K), 14 survivors (14336K)
 Metaspace       used 117556K, committed 119488K, reserved 1179648K
  class space    used 15242K, committed 16256K, reserved 1048576K
}
Event: 39.299 GC heap after
{Heap after GC invocations=86 (full 0):
 garbage-first heap   total 396288K, used 163840K [0x0000000080000000, 0x0000000100000000)
  region size 1024K, 17 young (17408K), 17 survivors (17408K)
 Metaspace       used 117556K, committed 119488K, reserved 1179648K
  class space    used 15242K, committed 16256K, reserved 1048576K
}
Event: 40.594 GC heap before
{Heap before GC invocations=87 (full 0):
 garbage-first heap   total 396288K, used 358400K [0x0000000080000000, 0x0000000100000000)
  region size 1024K, 207 young (211968K), 17 survivors (17408K)
 Metaspace       used 131898K, committed 133952K, reserved 1179648K
  class space    used 16798K, committed 17856K, reserved 1048576K
}
Event: 40.606 GC heap after
{Heap after GC invocations=88 (full 0):
 garbage-first heap   total 396288K, used 166632K [0x0000000080000000, 0x0000000100000000)
  region size 1024K, 7 young (7168K), 7 survivors (7168K)
 Metaspace       used 131898K, committed 133952K, reserved 1179648K
  class space    used 16798K, committed 17856K, reserved 1048576K
}
Event: 40.877 GC heap before
{Heap before GC invocations=88 (full 0):
 garbage-first heap   total 396288K, used 368360K [0x0000000080000000, 0x0000000100000000)
  region size 1024K, 204 young (208896K), 7 survivors (7168K)
 Metaspace       used 131898K, committed 133952K, reserved 1179648K
  class space    used 16798K, committed 17856K, reserved 1048576K
}
Event: 40.885 GC heap after
{Heap after GC invocations=89 (full 0):
 garbage-first heap   total 396288K, used 167783K [0x0000000080000000, 0x0000000100000000)
  region size 1024K, 10 young (10240K), 10 survivors (10240K)
 Metaspace       used 131898K, committed 133952K, reserved 1179648K
  class space    used 16798K, committed 17856K, reserved 1048576K
}
Event: 41.134 GC heap before
{Heap before GC invocations=89 (full 0):
 garbage-first heap   total 396288K, used 364391K [0x0000000080000000, 0x0000000100000000)
  region size 1024K, 202 young (206848K), 10 survivors (10240K)
 Metaspace       used 131898K, committed 133952K, reserved 1179648K
  class space    used 16798K, committed 17856K, reserved 1048576K
}
Event: 41.139 GC heap after
{Heap after GC invocations=90 (full 0):
 garbage-first heap   total 396288K, used 170671K [0x0000000080000000, 0x0000000100000000)
  region size 1024K, 13 young (13312K), 13 survivors (13312K)
 Metaspace       used 131898K, committed 133952K, reserved 1179648K
  class space    used 16798K, committed 17856K, reserved 1048576K
}

